::1 - - [23/Sep/2023:05:20:00 +0000] "GET / HTTP/1.1" 200 13 "-" "Mozilla/5.0 (Windows NT 10.0; Win64; x64) AppleWebKit/537.36 (KHTML, like Gecko) Chrome/116.0.0.0 Safari/537.36"
::1 - - [23/Sep/2023:05:20:05 +0000] "GET /api/notes HTTP/1.1" 304 - "-" "Mozilla/5.0 (Windows NT 10.0; Win64; x64) AppleWebKit/537.36 (KHTML, like Gecko) Chrome/116.0.0.0 Safari/537.36"
::ffff:127.0.0.1 - - [23/Sep/2023:05:20:30 +0000] "DELETE /api/notes/3 HTTP/1.1" 204 - "-" "vscode-restclient"
GET /api/notes 200 226 - 6.092 ms
DELETE /api/notes/3 204 - - 2.223 msGET / 200 21 - 4.267 ms
GET /favicon.ico 404 28 - 0.930 ms
GET /api/notes 304 - - 1.128 ms
GET /api/notes 304 - - 1.635 ms
GET /api/notes 304 - - 0.832 ms
GET /api/notes 304 - - 13.369 ms
GET /api/notes 304 - - 0.572 ms
GET /api/notes 304 - - 0.499 ms
GET /api/notes 304 - - 0.515 ms
GET /api/notes 304 - - 3.626 ms
GET /api/notes 304 - - 0.669 ms
PUT /api/notes/1 404 28 - 1.088 ms
PUT /api/notes/2 404 28 - 0.916 ms
PUT /api/notes/3 404 28 - 0.482 ms
PUT /api/notes/3 404 28 - 0.745 ms
PUT /api/notes/3 404 28 - 0.743 ms
GET /api/notes 304 - - 0.413 ms
PUT /api/notes/1 404 28 - 0.733 ms
GET /api/notes 304 - - 0.570 ms
GET /api/notes 304 - - 0.701 ms
GET /api/notes 304 - - 0.582 ms
GET /api/notes 304 - - 0.413 ms
PUT /api/notes/1 404 28 - 0.320 ms
PUT /api/notes/2 404 28 - 0.576 ms
PUT /api/notes/3 404 28 - 0.391 ms
GET /api/notes 304 - - 0.498 ms
GET /api/notes 304 - - 0.366 ms
GET /api/notes 304 - - 0.469 ms
PUT /api/notes/1 404 28 - 0.444 ms
PUT /api/notes/1 404 28 - 0.507 ms
GET /api/notes 304 - - 0.470 ms
PUT /api/notes/1 404 28 - 0.644 ms
GET /api/notes 304 - - 0.436 ms
PUT /api/notes/1 404 28 - 0.694 ms
GET /api/notes 304 - - 3.152 ms
GET /api/notes 304 - - 0.995 ms
GET /api/notes 304 - - 9.142 ms
GET /api/notes 304 - - 2.340 ms
GET /api/notes 304 - - 1.834 ms
GET /api/notes 200 452 - 0.587 ms
PUT /api/notes/3 - - - - ms
PUT /api/notes/1 - - - - ms
PUT /api/notes/2 - - - - ms
GET /api/notes 304 - - 0.955 ms
GET /api/notes 200 226 - 4.729 ms
PUT /api/notes/1 200 51 - 1.314 ms
PUT /api/notes/1 200 50 - 0.864 ms
PUT /api/notes/1 200 51 - 1.127 ms
GET /api/notes 304 - - 1.221 ms
GET /api/notes 304 - - 0.895 ms
PUT /api/notes/1 200 50 - 0.466 ms
PUT /api/notes/1 200 51 - 0.428 ms
GET /api/notes 304 - - 0.431 ms
PUT /api/notes/1 200 50 - 3.817 ms
GET /api/notes 304 - - 0.876 ms
GET /api/notes 304 - - 1.180 ms
PUT /api/notes/1 200 51 - 1.311 ms
GET /api/notes 304 - - 0.642 ms
GET /api/notes 304 - - 0.938 ms
GET /api/notes 304 - - 1.818 ms
PUT /api/notes/1 200 51 - 1.501 ms
GET /api/notes 304 - - 1.024 ms
GET /api/notes 304 - - 5.430 ms
PUT /api/notes/1 200 51 - 2.849 ms
GET /api/notes 304 - - 3.655 ms
PUT /api/notes/1 200 51 - 3.135 ms
GET /api/notes 200 227 - 1.247 ms
GET /api/notes 304 - - 1.371 ms
GET /api/notes 304 - - 0.874 ms
PUT /api/notes/1 200 50 - 1.187 ms
GET /api/notes 200 226 - 0.393 ms
GET /api/notes 304 - - 2.398 ms
GET /api/notes 304 - - 1.310 ms
GET /api/notes 304 - - 1.319 ms
GET /api/notes 304 - - 0.698 ms
GET /api/notes 304 - - 0.617 ms
GET /api/notes 304 - - 1.392 ms
PUT /api/notes/1 200 51 - 1.102 ms
GET /api/notes 200 227 - 0.728 ms
GET /api/notes 304 - - 0.435 ms
GET /api/notes 200 226 - 2.818 ms
GET /api/notes 304 - - 3.888 ms
GET / 304 - - 6.486 ms
GET /favicon.ico 404 28 - 2.314 ms
GET /api/notes 304 - - 2.459 ms
GET /api/notes 304 - - 4.309 ms
